Build started 2016/01/27 20:38:46.
     1>Project "C:\Users\HU FANGYUAN\Documents\Visual Studio 2013\Projects\mpsSimulator_v3.0_thermalCavity\mpsSimulator_v3.0_thermalCavity\mpsSimulator_v3.0.vcxproj" on node 2 (Build target(s)).
     1>ClCompile:
         C:\Program Files (x86)\Microsoft Visual Studio 12.0\VC\bin\CL.exe /c /Isrc /I..\common /I"..\..\extern\freeglut-2.8.1\include" /I"..\..\extern\glew-1.11.0\include" /I..\..\extern\glm /I..\..\extern\eigen /ZI /nologo /W3 /WX- /sdl /MP /Od /Oy- /D WIN32 /D _DEBUG /D _CONSOLE /D _LIB /D _UNICODE /D UNICODE /Gm /EHsc /RTC1 /MD /GS /fp:precise /Zc:wchar_t /Zc:forScope /openmp /Fo"Debug\\" /Fd"Debug\vc120.pdb" /Gd /TP /analyze- /errorReport:prompt mpsSimulator_v3.0.cpp
         mpsSimulator_v3.0.cpp
     1>c:\users\hu fangyuan\documents\visual studio 2013\projects\mpssimulator_v3.0_thermalcavity\mpssimulator_v3.0_thermalcavity\src\header.h(25): error C4430: missing type specifier - int assumed. Note: C++ does not support default-int
     1>c:\users\hu fangyuan\documents\visual studio 2013\projects\mpssimulator_v3.0_thermalcavity\mpssimulator_v3.0_thermalcavity\src\header.h(25): error C2146: syntax error : missing ';' before identifier 'V_DIRICHLET'
     1>c:\users\hu fangyuan\documents\visual studio 2013\projects\mpssimulator_v3.0_thermalcavity\mpssimulator_v3.0_thermalcavity\src\header.h(26): error C4430: missing type specifier - int assumed. Note: C++ does not support default-int
     1>c:\users\hu fangyuan\documents\visual studio 2013\projects\mpssimulator_v3.0_thermalcavity\mpssimulator_v3.0_thermalcavity\src\header.h(26): error C2146: syntax error : missing ';' before identifier 'V_NEUMANN'
     1>c:\users\hu fangyuan\documents\visual studio 2013\projects\mpssimulator_v3.0_thermalcavity\mpssimulator_v3.0_thermalcavity\src\header.h(26): error C2086: 'const int int16_t' : redefinition
                 c:\users\hu fangyuan\documents\visual studio 2013\projects\mpssimulator_v3.0_thermalcavity\mpssimulator_v3.0_thermalcavity\src\header.h(25) : see declaration of 'int16_t'
     1>c:\users\hu fangyuan\documents\visual studio 2013\projects\mpssimulator_v3.0_thermalcavity\mpssimulator_v3.0_thermalcavity\src\header.h(27): error C4430: missing type specifier - int assumed. Note: C++ does not support default-int
     1>c:\users\hu fangyuan\documents\visual studio 2013\projects\mpssimulator_v3.0_thermalcavity\mpssimulator_v3.0_thermalcavity\src\header.h(27): error C2146: syntax error : missing ';' before identifier 'P_DIRICHLET'
     1>c:\users\hu fangyuan\documents\visual studio 2013\projects\mpssimulator_v3.0_thermalcavity\mpssimulator_v3.0_thermalcavity\src\header.h(27): error C2086: 'const int int16_t' : redefinition
                 c:\users\hu fangyuan\documents\visual studio 2013\projects\mpssimulator_v3.0_thermalcavity\mpssimulator_v3.0_thermalcavity\src\header.h(25) : see declaration of 'int16_t'
     1>c:\users\hu fangyuan\documents\visual studio 2013\projects\mpssimulator_v3.0_thermalcavity\mpssimulator_v3.0_thermalcavity\src\header.h(28): error C4430: missing type specifier - int assumed. Note: C++ does not support default-int
     1>c:\users\hu fangyuan\documents\visual studio 2013\projects\mpssimulator_v3.0_thermalcavity\mpssimulator_v3.0_thermalcavity\src\header.h(28): error C2146: syntax error : missing ';' before identifier 'P_NEUMANN'
     1>c:\users\hu fangyuan\documents\visual studio 2013\projects\mpssimulator_v3.0_thermalcavity\mpssimulator_v3.0_thermalcavity\src\header.h(28): error C2086: 'const int int16_t' : redefinition
                 c:\users\hu fangyuan\documents\visual studio 2013\projects\mpssimulator_v3.0_thermalcavity\mpssimulator_v3.0_thermalcavity\src\header.h(25) : see declaration of 'int16_t'
     1>c:\users\hu fangyuan\documents\visual studio 2013\projects\mpssimulator_v3.0_thermalcavity\mpssimulator_v3.0_thermalcavity\src\header.h(29): error C4430: missing type specifier - int assumed. Note: C++ does not support default-int
     1>c:\users\hu fangyuan\documents\visual studio 2013\projects\mpssimulator_v3.0_thermalcavity\mpssimulator_v3.0_thermalcavity\src\header.h(29): error C2146: syntax error : missing ';' before identifier 'T_DIRICHLET'
     1>c:\users\hu fangyuan\documents\visual studio 2013\projects\mpssimulator_v3.0_thermalcavity\mpssimulator_v3.0_thermalcavity\src\header.h(29): error C2086: 'const int int16_t' : redefinition
                 c:\users\hu fangyuan\documents\visual studio 2013\projects\mpssimulator_v3.0_thermalcavity\mpssimulator_v3.0_thermalcavity\src\header.h(25) : see declaration of 'int16_t'
     1>c:\users\hu fangyuan\documents\visual studio 2013\projects\mpssimulator_v3.0_thermalcavity\mpssimulator_v3.0_thermalcavity\src\header.h(30): error C4430: missing type specifier - int assumed. Note: C++ does not support default-int
     1>c:\users\hu fangyuan\documents\visual studio 2013\projects\mpssimulator_v3.0_thermalcavity\mpssimulator_v3.0_thermalcavity\src\header.h(30): error C2146: syntax error : missing ';' before identifier 'T_NEUMANN'
     1>c:\users\hu fangyuan\documents\visual studio 2013\projects\mpssimulator_v3.0_thermalcavity\mpssimulator_v3.0_thermalcavity\src\header.h(30): error C2086: 'const int int16_t' : redefinition
                 c:\users\hu fangyuan\documents\visual studio 2013\projects\mpssimulator_v3.0_thermalcavity\mpssimulator_v3.0_thermalcavity\src\header.h(25) : see declaration of 'int16_t'
     1>c:\users\hu fangyuan\documents\visual studio 2013\projects\mpssimulator_v3.0_thermalcavity\mpssimulator_v3.0_thermalcavity\src\particle.h(384): error C2923: 'std::vector' : 'int16_t' is not a valid template type argument for parameter '_Ty'
                 c:\users\hu fangyuan\documents\visual studio 2013\projects\mpssimulator_v3.0_thermalcavity\mpssimulator_v3.0_thermalcavity\src\header.h(25) : see declaration of 'int16_t'
                 c:\users\hu fangyuan\documents\visual studio 2013\projects\mpssimulator_v3.0_thermalcavity\mpssimulator_v3.0_thermalcavity\src\particle.h(398) : see reference to class template instantiation 'SIM::Particle<R,D,Derived>' being compiled
                 c:\users\hu fangyuan\documents\visual studio 2013\projects\mpssimulator_v3.0_thermalcavity\mpssimulator_v3.0_thermalcavity\src\header.h(25) : see declaration of 'int16_t'
     1>c:\users\hu fangyuan\documents\visual studio 2013\projects\mpssimulator_v3.0_thermalcavity\mpssimulator_v3.0_thermalcavity\src\fractionalstep_x_cst.h(493): error C2535: 'void SIM::FractionalStep_x_cst<R,D,P>::makeRhs_p_q1(void)' : member function already defined or declared
                 c:\users\hu fangyuan\documents\visual studio 2013\projects\mpssimulator_v3.0_thermalcavity\mpssimulator_v3.0_thermalcavity\src\fractionalstep_x_cst.h(419) : see declaration of 'SIM::FractionalStep_x_cst<R,D,P>::makeRhs_p_q1'
                 c:\users\hu fangyuan\documents\visual studio 2013\projects\mpssimulator_v3.0_thermalcavity\mpssimulator_v3.0_thermalcavity\src\fractionalstep_x_cst.h(539) : see reference to class template instantiation 'SIM::FractionalStep_x_cst<R,D,P>' being compiled
     1>c:\program files (x86)\microsoft visual studio 12.0\vc\include\stdint.h(9): error C2378: 'int16_t' : redefinition; symbol cannot be overloaded with a typedef
                 c:\users\hu fangyuan\documents\visual studio 2013\projects\mpssimulator_v3.0_thermalcavity\mpssimulator_v3.0_thermalcavity\src\header.h(25) : see declaration of 'int16_t'
     1>c:\program files (x86)\microsoft visual studio 12.0\vc\include\cstdint(18): error C2874: using-declaration causes a multiple declaration of 'int16_t'
                 c:\users\hu fangyuan\documents\visual studio 2013\projects\mpssimulator_v3.0_thermalcavity\mpssimulator_v3.0_thermalcavity\src\header.h(25) : see declaration of 'int16_t'
     1>c:\program files (x86)\microsoft visual studio 12.0\vc\include\cstdint(37): error C2874: using-declaration causes a multiple declaration of 'int16_t'
                 c:\users\hu fangyuan\documents\visual studio 2013\projects\mpssimulator_v3.0_thermalcavity\mpssimulator_v3.0_thermalcavity\src\header.h(25) : see declaration of 'int16_t'
     1>c:\users\hu fangyuan\documents\visual studio 2013\projects\mpssimulator_v3.0_thermalcavity\mpssimulator_v3.0_thermalcavity\src\fractionalstep_x_cst.h(493): error C2535: 'void SIM::FractionalStep_x_cst<Parameters::DataType,2,2>::makeRhs_p_q1(void)' : member function already defined or declared
                 c:\users\hu fangyuan\documents\visual studio 2013\projects\mpssimulator_v3.0_thermalcavity\mpssimulator_v3.0_thermalcavity\src\fractionalstep_x_cst.h(419) : see declaration of 'SIM::FractionalStep_x_cst<Parameters::DataType,2,2>::makeRhs_p_q1'
                 c:\users\hu fangyuan\documents\visual studio 2013\projects\mpssimulator_v3.0_thermalcavity\mpssimulator_v3.0_thermalcavity\renderer\renderer.h(80) : see reference to class template instantiation 'SIM::FractionalStep_x_cst<Parameters::DataType,2,2>' being compiled
                 c:\users\hu fangyuan\documents\visual studio 2013\projects\mpssimulator_v3.0_thermalcavity\mpssimulator_v3.0_thermalcavity\src\header.h(25) : see declaration of 'int16_t'
                 c:\users\hu fangyuan\documents\visual studio 2013\projects\mpssimulator_v3.0_thermalcavity\mpssimulator_v3.0_thermalcavity\src\header.h(25) : see declaration of 'int16_t'
     1>Done Building Project "C:\Users\HU FANGYUAN\Documents\Visual Studio 2013\Projects\mpsSimulator_v3.0_thermalCavity\mpsSimulator_v3.0_thermalCavity\mpsSimulator_v3.0.vcxproj" (Build target(s)) -- FAILED.

Build FAILED.

Time Elapsed 00:00:01.71
